\BOOKMARK [0][-]{chapter*.3}{LI CAM N}{}% 1
\BOOKMARK [0][-]{chapter*.4}{T\323M TT LUN VAN}{}% 2
\BOOKMARK [0][-]{chapter*.5}{ABSTRACT}{}% 3
\BOOKMARK [0][-]{chapter*.6}{LI CAM \320OAN}{}% 4
\BOOKMARK [0][-]{chapter*.7}{DANH MUC H\314NH}{}% 5
\BOOKMARK [0][-]{chapter*.8}{DANH MUC BANG BIU}{}% 6
\BOOKMARK [0][-]{chapter*.9}{BANG THUT NG ANH - VIT V\300 T VIT TT}{}% 7
\BOOKMARK [0][-]{chapter.1}{GII THIU \320 T\300I}{}% 8
\BOOKMARK [1][-]{section.1.1}{L\335 DO NGHI\312N CU}{chapter.1}% 9
\BOOKMARK [1][-]{section.1.2}{MUC \320\315CH NGHI\312N CU}{chapter.1}% 10
\BOOKMARK [1][-]{section.1.3}{\335 NGHIA \320 T\300I}{chapter.1}% 11
\BOOKMARK [1][-]{section.1.4}{M\324 TA B\300I TO\301N}{chapter.1}% 12
\BOOKMARK [0][-]{chapter.2}{C S L\335 THUYT}{}% 13
\BOOKMARK [1][-]{section.2.1}{\320C \320IM CUA D LIU CHUI THI GIAN}{chapter.2}% 14
\BOOKMARK [2][-]{subsection.2.1.1}{Chui con}{section.2.1}% 15
\BOOKMARK [2][-]{subsection.2.1.2}{Tr\371ng khp}{section.2.1}% 16
\BOOKMARK [1][-]{section.2.2}{\320 \320O KHOANG C\301CH}{chapter.2}% 17
\BOOKMARK [2][-]{subsection.2.2.1}{Khoang c\341ch Euclid}{section.2.2}% 18
\BOOKMARK [2][-]{subsection.2.2.2}{\320 o xon thi gian ng \(Dynamic Time Warping - DTW\)}{section.2.2}% 19
\BOOKMARK [3][-]{subsubsection.2.2.2.1}{Phng ph\341p t\355nh khoang c\341ch DTW}{subsection.2.2.2}% 20
\BOOKMARK [3][-]{subsubsection.2.2.2.2}{V\355 du t\355nh khoang c\341ch DTW}{subsection.2.2.2}% 21
\BOOKMARK [3][-]{subsubsection.2.2.2.3}{C\341c ky thut ti u phng ph\341p DTW}{subsection.2.2.2}% 22
\BOOKMARK [1][-]{section.2.3}{C\301C PHNG PH\301P PH\302N LP D LIU CHUI THI GIAN}{chapter.2}% 23
\BOOKMARK [2][-]{subsection.2.3.1}{Giai thut ph\342n lp k-l\342n cn gn nht \(k-NN\)}{section.2.3}% 24
\BOOKMARK [2][-]{subsection.2.3.2}{C\342y quyt inh}{section.2.3}% 25
\BOOKMARK [0][-]{chapter.3}{TNG QUAN C\301C C\324NG TR\314NH LI\312N QUAN}{}% 26
\BOOKMARK [1][-]{section.3.1}{KY THUT THU GON S PHN T TP HUN LUYN NA\317VE RANK}{chapter.3}% 27
\BOOKMARK [1][-]{section.3.2}{PHNG PH\301P THU GON TP HUN LUYN INSIGHT}{chapter.3}% 28
\BOOKMARK [2][-]{subsection.3.2.1}{H\340m t\355nh trong s}{section.3.2}% 29
\BOOKMARK [3][-]{subsubsection.3.2.1.1}{Thuc t\355nh trung t\342m}{subsection.3.2.1}% 30
\BOOKMARK [3][-]{subsubsection.3.2.1.2}{H\340m t\355nh trong s da tr\352n thuc t\355nh trung t\342m}{subsection.3.2.1}% 31
\BOOKMARK [1][-]{section.3.3}{PH\302N LP k-NN HIU QUA VI KY THUT GON D LIU DA V\300O GOM CUM PHI THAM S}{chapter.3}% 32
\BOOKMARK [2][-]{subsection.3.3.1}{Thu gon da v\340o gom cum \(RHC\)}{section.3.3}% 33
\BOOKMARK [2][-]{subsection.3.3.2}{RHC ng \(dRHC\)}{section.3.3}% 34
\BOOKMARK [1][-]{section.3.4}{\301P DUNG C\301C GIAI THUT LA CHON \320AI DIN V\300 TR\315CH YU \320AI DIN \320 PH\302N LP D LIU CHUI THI GIAN HIU QUA}{chapter.3}% 35
\BOOKMARK [2][-]{subsection.3.4.1}{C\341c giai thut la chon ai din \(Prototype Selection Algorithms\)}{section.3.4}% 36
\BOOKMARK [3][-]{subsubsection.3.4.1.1}{Giai thut CNN-rule}{subsection.3.4.1}% 37
\BOOKMARK [3][-]{subsubsection.3.4.1.2}{Giai thut IB2}{subsection.3.4.1}% 38
\BOOKMARK [2][-]{subsection.3.4.2}{C\341c giai thut tr\355ch yu ai din \(Prototype Abstraction Algorithms\)}{section.3.4}% 39
\BOOKMARK [3][-]{subsubsection.3.4.2.1}{Giai thut tr\355ch yu IB2 \(AIB2\)}{subsection.3.4.2}% 40
\BOOKMARK [3][-]{subsubsection.3.4.2.2}{Giai thut CJA}{subsection.3.4.2}% 41
\BOOKMARK [0][-]{chapter.4}{GIAI PH\301P THC HIN}{}% 42
\BOOKMARK [0][-]{chapter.5}{KT QUA THC NGHIM}{}% 43
\BOOKMARK [1][-]{section.5.1}{M\324I TRNG THC NGHIM}{chapter.5}% 44
\BOOKMARK [1][-]{section.5.2}{PHNG PH\301P THC NGHIM}{chapter.5}% 45
\BOOKMARK [1][-]{section.5.3}{D LIU THC NGHIM}{chapter.5}% 46
\BOOKMARK [2][-]{subsection.5.3.1}{B d liu ArrowHead}{section.5.3}% 47
\BOOKMARK [2][-]{subsection.5.3.2}{B d liu BeetleFly}{section.5.3}% 48
\BOOKMARK [2][-]{subsection.5.3.3}{B d liu Gun Point}{section.5.3}% 49
\BOOKMARK [2][-]{subsection.5.3.4}{B d liu Fish}{section.5.3}% 50
\BOOKMARK [2][-]{subsection.5.3.5}{B d liu Trace}{section.5.3}% 51
\BOOKMARK [1][-]{section.5.4}{THC NGHIM SO S\301NH \320 CH\315NH X\301C PH\302N LP TRC V\300 SAU KHI THU GON TP HUN LUYN}{chapter.5}% 52
